2024-06-05 13:23:04,874 INFO E:\coding\python\django\django-rest-framework\patient assessment system\patients_asse\patients\views.py changed, reloading. 266 
2024-06-05 13:23:08,847 INFO Watching for file changes with StatReloader 668 
2024-06-05 13:23:13,069 INFO E:\coding\python\django\django-rest-framework\patient assessment system\patients_asse\patients\views.py changed, reloading. 266 
2024-06-05 13:23:14,057 INFO Watching for file changes with StatReloader 668 
2024-06-05 13:23:16,469 INFO E:\coding\python\django\django-rest-framework\patient assessment system\patients_asse\patients\views.py changed, reloading. 266 
2024-06-05 13:23:17,206 INFO Watching for file changes with StatReloader 668 
2024-06-05 13:23:46,884 INFO Watching for file changes with StatReloader 668 
2024-06-05 13:23:49,999 WARNING Not Found: /patients 241 
2024-06-05 13:23:50,000 WARNING "PUT /patients HTTP/1.1" 404 63 212 
2024-06-05 13:23:52,731 WARNING Not Found: /patients 241 
2024-06-05 13:23:52,733 WARNING "PUT /patients HTTP/1.1" 404 63 212 
2024-06-05 13:24:12,280 INFO "POST /api/signup/ HTTP/1.1" 201 40 212 
2024-06-05 13:24:27,186 INFO "POST /api/login/ HTTP/1.1" 200 517 212 
2024-06-05 13:25:00,260 WARNING Unauthorized: /patients 241 
2024-06-05 13:25:00,261 WARNING "POST /patients HTTP/1.1" 401 51 212 
2024-06-05 13:25:05,232 INFO "POST /patients HTTP/1.1" 201 74 212 
2024-06-05 13:25:49,796 INFO "GET /patients HTTP/1.1" 200 365 212 
2024-06-05 13:26:08,450 INFO "POST /api/signup/ HTTP/1.1" 201 40 212 
2024-06-05 13:27:05,893 INFO "POST /api/login/ HTTP/1.1" 200 514 212 
2024-06-05 13:27:18,850 INFO "GET /patients HTTP/1.1" 200 87 212 
2024-06-05 13:27:35,628 WARNING Forbidden: /patients 241 
2024-06-05 13:27:35,628 WARNING "PUT /patients HTTP/1.1" 403 91 212 
2024-06-05 13:27:48,684 INFO "POST /api/login/ HTTP/1.1" 200 517 212 
2024-06-05 13:27:58,003 WARNING Forbidden: /patients 241 
2024-06-05 13:27:58,003 WARNING "PUT /patients HTTP/1.1" 403 91 212 
2024-06-05 13:28:08,693 INFO "GET /patients HTTP/1.1" 200 365 212 
2024-06-05 13:28:16,402 WARNING Forbidden: /patients 241 
2024-06-05 13:28:16,402 WARNING "PUT /patients HTTP/1.1" 403 91 212 
2024-06-05 13:28:17,426 WARNING Forbidden: /patients 241 
2024-06-05 13:28:17,426 WARNING "PUT /patients HTTP/1.1" 403 91 212 
2024-06-05 13:28:23,588 WARNING Forbidden: /patients 241 
2024-06-05 13:28:23,588 WARNING "PUT /patients HTTP/1.1" 403 91 212 
2024-06-05 13:28:36,011 INFO "GET /admin/ HTTP/1.1" 200 8027 212 
2024-06-05 13:28:36,066 INFO "GET /static/admin/css/base.css HTTP/1.1" 304 0 212 
2024-06-05 13:28:36,071 INFO "GET /static/admin/css/dark_mode.css HTTP/1.1" 304 0 212 
2024-06-05 13:28:36,071 INFO "GET /static/admin/css/nav_sidebar.css HTTP/1.1" 304 0 212 
2024-06-05 13:28:36,072 INFO "GET /static/admin/css/dashboard.css HTTP/1.1" 304 0 212 
2024-06-05 13:28:36,073 INFO "GET /static/admin/css/responsive.css HTTP/1.1" 304 0 212 
2024-06-05 13:28:36,182 INFO "GET /static/admin/js/nav_sidebar.js HTTP/1.1" 304 0 212 
2024-06-05 13:28:36,183 INFO "GET /static/admin/js/theme.js HTTP/1.1" 304 0 212 
2024-06-05 13:28:36,196 INFO "GET /static/admin/img/icon-addlink.svg HTTP/1.1" 304 0 212 
2024-06-05 13:28:36,197 INFO "GET /static/admin/img/icon-changelink.svg HTTP/1.1" 304 0 212 
2024-06-05 13:28:38,071 INFO "GET /admin/patients/patient/ HTTP/1.1" 200 12587 212 
2024-06-05 13:28:38,106 INFO "GET /static/admin/js/vendor/jquery/jquery.js HTTP/1.1" 304 0 212 
2024-06-05 13:28:38,107 INFO "GET /static/admin/css/changelists.css HTTP/1.1" 304 0 212 
2024-06-05 13:28:38,107 INFO "GET /static/admin/js/jquery.init.js HTTP/1.1" 304 0 212 
2024-06-05 13:28:38,108 INFO "GET /static/admin/js/core.js HTTP/1.1" 304 0 212 
2024-06-05 13:28:38,112 INFO "GET /static/admin/js/actions.js HTTP/1.1" 304 0 212 
2024-06-05 13:28:38,113 INFO "GET /static/admin/js/vendor/xregexp/xregexp.js HTTP/1.1" 304 0 212 
2024-06-05 13:28:38,113 INFO "GET /static/admin/js/admin/RelatedObjectLookups.js HTTP/1.1" 304 0 212 
2024-06-05 13:28:38,115 INFO "GET /static/admin/js/urlify.js HTTP/1.1" 304 0 212 
2024-06-05 13:28:38,116 INFO "GET /static/admin/js/prepopulate.js HTTP/1.1" 304 0 212 
2024-06-05 13:28:38,117 INFO "GET /static/admin/img/search.svg HTTP/1.1" 304 0 212 
2024-06-05 13:28:38,137 INFO "GET /admin/jsi18n/ HTTP/1.1" 200 3342 212 
2024-06-05 13:28:38,171 INFO "GET /static/admin/js/filters.js HTTP/1.1" 304 0 212 
2024-06-05 13:28:38,200 INFO "GET /static/admin/img/tooltag-add.svg HTTP/1.1" 304 0 212 
2024-06-05 13:28:38,200 INFO "GET /static/admin/img/icon-viewlink.svg HTTP/1.1" 304 0 212 
2024-06-05 13:28:41,451 INFO "POST /admin/patients/patient/ HTTP/1.1" 200 9075 212 
2024-06-05 13:28:41,504 INFO "GET /static/admin/js/cancel.js HTTP/1.1" 304 0 212 
2024-06-05 13:28:42,172 INFO "POST /admin/patients/patient/ HTTP/1.1" 302 0 212 
2024-06-05 13:28:42,188 INFO "GET /admin/patients/patient/ HTTP/1.1" 200 9988 212 
2024-06-05 13:28:42,218 INFO "GET /admin/jsi18n/ HTTP/1.1" 200 3342 212 
2024-06-05 13:28:42,256 INFO "GET /static/admin/img/icon-yes.svg HTTP/1.1" 304 0 212 
2024-06-05 13:28:42,879 INFO "GET /admin/user/userinfo/ HTTP/1.1" 200 11966 212 
2024-06-05 13:28:42,911 INFO "GET /admin/jsi18n/ HTTP/1.1" 200 3342 212 
2024-06-05 13:28:45,964 INFO "POST /admin/user/userinfo/ HTTP/1.1" 200 9194 212 
2024-06-05 13:28:46,723 INFO "POST /admin/user/userinfo/ HTTP/1.1" 302 0 212 
2024-06-05 13:28:46,740 INFO "GET /admin/user/userinfo/ HTTP/1.1" 200 8988 212 
2024-06-05 13:28:46,772 INFO "GET /admin/jsi18n/ HTTP/1.1" 200 3342 212 
2024-06-05 13:28:53,266 WARNING Bad Request: /api/signup/ 241 
2024-06-05 13:28:53,266 WARNING "POST /api/signup/ HTTP/1.1" 400 49 212 
2024-06-05 13:28:58,716 INFO "GET /admin/auth/user/ HTTP/1.1" 200 14099 212 
2024-06-05 13:28:58,762 INFO "GET /admin/jsi18n/ HTTP/1.1" 200 3342 212 
2024-06-05 13:29:03,055 INFO "POST /admin/auth/user/ HTTP/1.1" 200 9183 212 
2024-06-05 13:29:03,744 INFO "POST /admin/auth/user/ HTTP/1.1" 302 0 212 
2024-06-05 13:29:03,762 INFO "GET /admin/auth/user/ HTTP/1.1" 200 12799 212 
2024-06-05 13:29:03,799 INFO "GET /admin/jsi18n/ HTTP/1.1" 200 3342 212 
2024-06-05 13:29:06,662 INFO "POST /api/signup/ HTTP/1.1" 201 40 212 
2024-06-05 13:29:19,008 INFO "POST /api/login/ HTTP/1.1" 200 514 212 
2024-06-05 13:29:38,378 INFO "POST /patients HTTP/1.1" 201 74 212 
2024-06-05 13:30:04,062 WARNING Unauthorized: /api/login/ 241 
2024-06-05 13:30:04,062 WARNING "POST /api/login/ HTTP/1.1" 401 66 212 
2024-06-05 13:30:15,984 WARNING Unauthorized: /api/login/ 241 
2024-06-05 13:30:15,984 WARNING "POST /api/login/ HTTP/1.1" 401 66 212 
2024-06-05 13:30:19,385 INFO "POST /api/signup/ HTTP/1.1" 201 40 212 
2024-06-05 13:30:22,360 INFO "POST /api/login/ HTTP/1.1" 200 517 212 
2024-06-05 13:30:36,322 WARNING Not Found: /patients 241 
2024-06-05 13:30:36,322 WARNING "PUT /patients HTTP/1.1" 404 63 212 
2024-06-05 13:30:43,137 INFO "GET /admin/user/userinfo/ HTTP/1.1" 200 11491 212 
2024-06-05 13:30:43,189 INFO "GET /admin/jsi18n/ HTTP/1.1" 200 3342 212 
2024-06-05 13:30:59,986 INFO "POST /api/login/ HTTP/1.1" 200 514 212 
2024-06-05 13:31:08,026 WARNING Not Found: /patients 241 
2024-06-05 13:31:08,026 WARNING "PUT /patients HTTP/1.1" 404 63 212 
2024-06-05 13:31:09,283 WARNING Not Found: /patients 241 
2024-06-05 13:31:09,283 WARNING "PUT /patients HTTP/1.1" 404 63 212 
2024-06-05 13:31:13,496 INFO "GET /admin/user/userinfo/ HTTP/1.1" 200 11491 212 
2024-06-05 13:31:13,530 INFO "GET /admin/jsi18n/ HTTP/1.1" 200 3342 212 
2024-06-05 13:31:18,091 INFO "GET /admin/patients/patient/ HTTP/1.1" 200 12094 212 
2024-06-05 13:31:18,125 INFO "GET /admin/jsi18n/ HTTP/1.1" 200 3342 212 
2024-06-05 13:31:19,314 INFO "GET /admin/patients/patient/4/change/ HTTP/1.1" 200 14937 212 
2024-06-05 13:31:19,382 INFO "GET /static/admin/js/calendar.js HTTP/1.1" 304 0 212 
2024-06-05 13:31:19,383 INFO "GET /static/admin/js/admin/DateTimeShortcuts.js HTTP/1.1" 304 0 212 
2024-06-05 13:31:19,383 INFO "GET /static/admin/css/forms.css HTTP/1.1" 304 0 212 
2024-06-05 13:31:19,383 INFO "GET /static/admin/js/prepopulate_init.js HTTP/1.1" 304 0 212 
2024-06-05 13:31:19,387 INFO "GET /admin/jsi18n/ HTTP/1.1" 200 3342 212 
2024-06-05 13:31:19,432 INFO "GET /static/admin/css/widgets.css HTTP/1.1" 304 0 212 
2024-06-05 13:31:19,440 INFO "GET /static/admin/img/icon-deletelink.svg HTTP/1.1" 304 0 212 
2024-06-05 13:31:19,445 INFO "GET /static/admin/js/change_form.js HTTP/1.1" 304 0 212 
2024-06-05 13:31:19,505 INFO "GET /static/admin/img/icon-calendar.svg HTTP/1.1" 304 0 212 
2024-06-05 13:31:21,006 INFO "GET /admin/patients/patient/ HTTP/1.1" 200 12094 212 
2024-06-05 13:31:35,069 INFO "GET /admin/patients/patient/ HTTP/1.1" 200 12094 212 
2024-06-05 13:31:35,097 INFO "GET /admin/jsi18n/ HTTP/1.1" 200 3342 212 
2024-06-05 13:31:37,815 INFO "POST /admin/patients/patient/ HTTP/1.1" 200 8923 212 
2024-06-05 13:31:38,420 INFO "POST /admin/patients/patient/ HTTP/1.1" 302 0 212 
2024-06-05 13:31:38,437 INFO "GET /admin/patients/patient/ HTTP/1.1" 200 9987 212 
2024-06-05 13:31:38,466 INFO "GET /admin/jsi18n/ HTTP/1.1" 200 3342 212 
2024-06-05 13:31:39,455 INFO "GET /admin/user/userinfo/ HTTP/1.1" 200 11491 212 
2024-06-05 13:31:39,485 INFO "GET /admin/jsi18n/ HTTP/1.1" 200 3342 212 
2024-06-05 13:31:43,141 INFO "POST /admin/user/userinfo/ HTTP/1.1" 200 9051 212 
2024-06-05 13:31:44,186 INFO "POST /admin/user/userinfo/ HTTP/1.1" 302 0 212 
2024-06-05 13:31:44,202 INFO "GET /admin/user/userinfo/ HTTP/1.1" 200 8988 212 
2024-06-05 13:31:44,236 INFO "GET /admin/jsi18n/ HTTP/1.1" 200 3342 212 
2024-06-05 13:31:44,871 INFO "GET /admin/auth/user/ HTTP/1.1" 200 13614 212 
2024-06-05 13:31:44,906 INFO "GET /admin/jsi18n/ HTTP/1.1" 200 3342 212 
2024-06-05 13:31:52,928 INFO "POST /admin/auth/user/ HTTP/1.1" 200 9043 212 
2024-06-05 13:31:53,673 INFO "POST /admin/auth/user/ HTTP/1.1" 302 0 212 
2024-06-05 13:31:53,693 INFO "GET /admin/auth/user/ HTTP/1.1" 200 12799 212 
2024-06-05 13:31:53,728 INFO "GET /admin/jsi18n/ HTTP/1.1" 200 3342 212 
2024-06-05 13:32:13,201 INFO "POST /api/signup/ HTTP/1.1" 201 40 212 
2024-06-05 13:32:20,276 INFO "POST /api/signup/ HTTP/1.1" 201 40 212 
2024-06-05 13:32:23,847 INFO "GET /admin/auth/user/ HTTP/1.1" 200 13629 212 
2024-06-05 13:32:23,878 INFO "GET /admin/jsi18n/ HTTP/1.1" 200 3342 212 
2024-06-05 13:32:26,164 INFO "GET /admin/user/userinfo/ HTTP/1.1" 200 11501 212 
2024-06-05 13:32:26,200 INFO "GET /admin/jsi18n/ HTTP/1.1" 200 3342 212 
2024-06-05 13:32:39,364 INFO "POST /api/login/ HTTP/1.1" 200 517 212 
2024-06-05 13:32:53,743 INFO "POST /patients HTTP/1.1" 201 74 212 
2024-06-05 13:32:56,537 INFO "GET /admin/user/userinfo/ HTTP/1.1" 200 11501 212 
2024-06-05 13:32:56,576 INFO "GET /admin/jsi18n/ HTTP/1.1" 200 3342 212 
2024-06-05 13:32:57,874 INFO "GET /admin/patients/patient/ HTTP/1.1" 200 12094 212 
2024-06-05 13:32:57,904 INFO "GET /admin/jsi18n/ HTTP/1.1" 200 3342 212 
2024-06-05 13:33:29,614 INFO "GET /patients HTTP/1.1" 200 365 212 
2024-06-05 13:33:52,135 INFO "POST /api/login/ HTTP/1.1" 200 519 212 
2024-06-05 13:34:00,321 INFO "GET /patients HTTP/1.1" 200 365 212 
2024-06-05 13:34:05,085 INFO "GET /patients HTTP/1.1" 200 87 212 
2024-06-05 13:34:15,165 WARNING Forbidden: /patients 241 
2024-06-05 13:34:15,165 WARNING "PUT /patients HTTP/1.1" 403 91 212 
2024-06-05 13:34:27,854 INFO "POST /api/login/ HTTP/1.1" 200 517 212 
2024-06-05 13:34:34,049 INFO "GET /patients HTTP/1.1" 200 365 212 
2024-06-05 13:34:39,336 WARNING Forbidden: /patients 241 
2024-06-05 13:34:39,337 WARNING "PUT /patients HTTP/1.1" 403 91 212 
2024-06-05 13:34:40,328 WARNING Forbidden: /patients 241 
2024-06-05 13:34:40,328 WARNING "PUT /patients HTTP/1.1" 403 91 212 
2024-06-05 13:34:41,401 WARNING Forbidden: /patients 241 
2024-06-05 13:34:41,402 WARNING "PUT /patients HTTP/1.1" 403 91 212 
2024-06-05 13:35:33,212 INFO "GET /api/get-profile/ HTTP/1.1" 200 104 212 
2024-06-05 13:35:51,981 INFO "GET /patients HTTP/1.1" 200 365 212 
2024-06-05 13:36:09,397 WARNING Forbidden: /patients 241 
2024-06-05 13:36:09,398 WARNING "PUT /patients HTTP/1.1" 403 91 212 
2024-06-05 13:36:10,360 WARNING Forbidden: /patients 241 
2024-06-05 13:36:10,360 WARNING "PUT /patients HTTP/1.1" 403 91 212 
2024-06-05 13:36:24,333 INFO E:\coding\python\django\django-rest-framework\patient assessment system\patients_asse\patients\views.py changed, reloading. 266 
2024-06-05 13:36:24,549 INFO E:\coding\python\django\django-rest-framework\patient assessment system\patients_asse\patients\views.py changed, reloading. 266 
2024-06-05 13:36:25,147 INFO Watching for file changes with StatReloader 668 
2024-06-05 13:36:25,989 INFO Watching for file changes with StatReloader 668 
2024-06-05 14:50:39,744 INFO E:\coding\python\django\django-rest-framework\patient assessment system\patients_asse\patients\views.py changed, reloading. 266 
2024-06-05 14:50:39,876 INFO E:\coding\python\django\django-rest-framework\patient assessment system\patients_asse\patients\views.py changed, reloading. 266 
2024-06-05 14:50:41,236 INFO Watching for file changes with StatReloader 668 
2024-06-05 14:50:42,330 INFO Watching for file changes with StatReloader 668 
2024-06-05 14:51:59,446 INFO "GET /admin/patients/patient/ HTTP/1.1" 302 0 212 
2024-06-05 14:51:59,493 INFO "GET /admin/login/?next=/admin/patients/patient/ HTTP/1.1" 200 4192 212 
2024-06-05 14:51:59,541 INFO "GET /static/admin/css/login.css HTTP/1.1" 304 0 212 
2024-06-05 14:52:03,508 INFO "POST /admin/login/?next=/admin/patients/patient/ HTTP/1.1" 200 4353 212 
2024-06-05 14:52:09,453 INFO "POST /admin/login/?next=/admin/patients/patient/ HTTP/1.1" 302 0 212 
2024-06-05 14:52:09,551 INFO "GET /admin/patients/patient/ HTTP/1.1" 200 9850 212 
2024-06-05 14:52:09,641 INFO "GET /admin/jsi18n/ HTTP/1.1" 200 3342 212 
2024-06-05 14:52:37,273 INFO "POST /api/signup/ HTTP/1.1" 201 40 212 
2024-06-05 14:52:52,092 INFO "POST /api/signup/ HTTP/1.1" 201 40 212 
2024-06-05 14:53:08,545 INFO "POST /api/login/ HTTP/1.1" 200 517 212 
2024-06-05 14:53:53,813 INFO "POST /patients HTTP/1.1" 201 74 212 
2024-06-05 14:53:57,513 INFO "GET /admin/patients/patient/ HTTP/1.1" 200 12094 212 
2024-06-05 14:53:57,673 INFO "GET /admin/jsi18n/ HTTP/1.1" 200 3342 212 
2024-06-05 14:54:15,366 INFO E:\coding\python\django\django-rest-framework\patient assessment system\patients_asse\patients\admin.py changed, reloading. 266 
2024-06-05 14:54:18,371 INFO Watching for file changes with StatReloader 668 
2024-06-05 14:54:28,997 INFO E:\coding\python\django\django-rest-framework\patient assessment system\patients_asse\patients\admin.py changed, reloading. 266 
2024-06-05 14:54:31,550 INFO Watching for file changes with StatReloader 668 
2024-06-05 14:54:33,981 INFO E:\coding\python\django\django-rest-framework\patient assessment system\patients_asse\patients\admin.py changed, reloading. 266 
2024-06-05 14:54:36,931 INFO Watching for file changes with StatReloader 668 
2024-06-05 14:54:42,164 INFO "GET /admin/patients/patient/ HTTP/1.1" 200 12294 212 
2024-06-05 14:54:42,354 INFO "GET /admin/jsi18n/ HTTP/1.1" 200 3342 212 
2024-06-05 14:54:54,274 INFO E:\coding\python\django\django-rest-framework\patient assessment system\patients_asse\patients\admin.py changed, reloading. 266 
2024-06-05 14:54:57,162 INFO Watching for file changes with StatReloader 668 
2024-06-05 14:55:22,455 INFO "GET /patients HTTP/1.1" 200 365 212 
2024-06-05 14:55:47,924 INFO "POST /api/login/ HTTP/1.1" 200 517 212 
2024-06-05 14:56:00,405 WARNING Bad Request: /patients 241 
2024-06-05 14:56:00,405 WARNING "POST /patients HTTP/1.1" 400 132 212 
2024-06-05 14:56:10,991 INFO "POST /patients HTTP/1.1" 201 74 212 
2024-06-05 14:56:13,147 INFO "GET /admin/patients/patient/ HTTP/1.1" 200 12867 212 
2024-06-05 14:56:13,253 INFO "GET /admin/jsi18n/ HTTP/1.1" 200 3342 212 
2024-06-05 14:56:30,865 INFO E:\coding\python\django\django-rest-framework\patient assessment system\patients_asse\patients\admin.py changed, reloading. 266 
2024-06-05 14:56:33,895 INFO Watching for file changes with StatReloader 668 
2024-06-05 14:56:35,132 INFO "GET /admin/patients/patient/ HTTP/1.1" 200 12867 212 
2024-06-05 14:56:35,206 INFO "GET /admin/jsi18n/ HTTP/1.1" 200 3342 212 
2024-06-05 14:56:42,976 INFO "GET /admin/patients/patient/ HTTP/1.1" 200 12867 212 
2024-06-05 14:56:43,088 INFO "GET /admin/jsi18n/ HTTP/1.1" 200 3342 212 
2024-06-05 14:57:01,353 INFO E:\coding\python\django\django-rest-framework\patient assessment system\patients_asse\patients\admin.py changed, reloading. 266 
2024-06-05 14:57:03,818 INFO Watching for file changes with StatReloader 668 
2024-06-05 14:57:08,482 INFO E:\coding\python\django\django-rest-framework\patient assessment system\patients_asse\patients\admin.py changed, reloading. 266 
2024-06-05 14:57:10,952 INFO Watching for file changes with StatReloader 668 
2024-06-05 14:57:12,704 INFO E:\coding\python\django\django-rest-framework\patient assessment system\patients_asse\patients\admin.py changed, reloading. 266 
2024-06-05 14:57:15,207 INFO Watching for file changes with StatReloader 668 
2024-06-05 14:57:33,568 INFO E:\coding\python\django\django-rest-framework\patient assessment system\patients_asse\patients\models.py changed, reloading. 266 
2024-06-05 14:57:36,353 INFO Watching for file changes with StatReloader 668 
2024-06-05 14:57:40,261 INFO "GET /admin/patients/patient/ HTTP/1.1" 200 12867 212 
2024-06-05 14:57:40,411 INFO "GET /admin/jsi18n/ HTTP/1.1" 200 3342 212 
2024-06-05 14:57:41,367 INFO "GET /admin/patients/patient/ HTTP/1.1" 200 12867 212 
2024-06-05 14:57:41,445 INFO "GET /admin/jsi18n/ HTTP/1.1" 200 3342 212 
2024-06-05 14:57:44,541 INFO E:\coding\python\django\django-rest-framework\patient assessment system\patients_asse\patients\models.py changed, reloading. 266 
2024-06-05 14:57:47,537 INFO Watching for file changes with StatReloader 668 
2024-06-05 14:57:50,310 INFO E:\coding\python\django\django-rest-framework\patient assessment system\patients_asse\patients\models.py changed, reloading. 266 
2024-06-05 14:57:52,834 INFO Watching for file changes with StatReloader 668 
2024-06-05 14:58:00,031 INFO E:\coding\python\django\django-rest-framework\patient assessment system\patients_asse\user\models.py changed, reloading. 266 
2024-06-05 14:58:02,917 INFO Watching for file changes with StatReloader 668 
2024-06-05 14:58:03,501 INFO "GET /admin/patients/patient/ HTTP/1.1" 200 12901 212 
2024-06-05 14:58:03,604 INFO "GET /admin/jsi18n/ HTTP/1.1" 200 3342 212 
2024-06-05 14:58:26,598 INFO "POST /api/login/ HTTP/1.1" 200 517 212 
2024-06-05 14:59:06,308 WARNING Unauthorized: /patients 241 
2024-06-05 14:59:06,311 WARNING "PUT /patients HTTP/1.1" 401 51 212 
2024-06-05 14:59:11,757 WARNING Forbidden: /patients 241 
2024-06-05 14:59:11,758 WARNING "PUT /patients HTTP/1.1" 403 91 212 
2024-06-05 14:59:27,115 WARNING Forbidden: /patients 241 
2024-06-05 14:59:27,116 WARNING "PUT /patients HTTP/1.1" 403 91 212 
2024-06-05 14:59:28,226 WARNING Forbidden: /patients 241 
2024-06-05 14:59:28,226 WARNING "PUT /patients HTTP/1.1" 403 91 212 
2024-06-05 14:59:33,915 WARNING Forbidden: /patients 241 
2024-06-05 14:59:33,915 WARNING "PUT /patients HTTP/1.1" 403 91 212 
2024-06-05 14:59:34,940 WARNING Forbidden: /patients 241 
2024-06-05 14:59:34,941 WARNING "PUT /patients HTTP/1.1" 403 91 212 
2024-06-05 15:00:37,093 INFO E:\coding\python\django\django-rest-framework\patient assessment system\patients_asse\patients\views.py changed, reloading. 266 
2024-06-05 15:00:41,353 INFO Watching for file changes with StatReloader 668 
2024-06-05 15:00:45,820 INFO E:\coding\python\django\django-rest-framework\patient assessment system\patients_asse\patients\views.py changed, reloading. 266 
2024-06-05 15:00:49,466 INFO Watching for file changes with StatReloader 668 
2024-06-05 15:00:51,507 INFO E:\coding\python\django\django-rest-framework\patient assessment system\patients_asse\patients\views.py changed, reloading. 266 
2024-06-05 15:00:55,131 INFO Watching for file changes with StatReloader 668 
2024-06-05 15:01:06,071 INFO E:\coding\python\django\django-rest-framework\patient assessment system\patients_asse\patients\views.py changed, reloading. 266 
2024-06-05 15:01:09,074 INFO Watching for file changes with StatReloader 668 
2024-06-05 15:01:12,315 WARNING Forbidden: /patients 241 
2024-06-05 15:01:12,315 WARNING "PUT /patients HTTP/1.1" 403 91 212 
2024-06-05 15:01:13,358 WARNING Forbidden: /patients 241 
2024-06-05 15:01:13,358 WARNING "PUT /patients HTTP/1.1" 403 91 212 
2024-06-05 15:01:14,545 WARNING Forbidden: /patients 241 
2024-06-05 15:01:14,546 WARNING "PUT /patients HTTP/1.1" 403 91 212 
2024-06-05 15:02:54,498 INFO E:\coding\python\django\django-rest-framework\patient assessment system\patients_asse\patients\views.py changed, reloading. 266 
2024-06-05 15:02:57,537 INFO Watching for file changes with StatReloader 668 
2024-06-05 15:02:58,519 WARNING Forbidden: /patients 241 
2024-06-05 15:02:58,519 WARNING "PUT /patients HTTP/1.1" 403 91 212 
2024-06-05 15:02:59,601 WARNING Forbidden: /patients 241 
2024-06-05 15:02:59,602 WARNING "PUT /patients HTTP/1.1" 403 91 212 
2024-06-05 15:03:00,951 WARNING Forbidden: /patients 241 
2024-06-05 15:03:00,952 WARNING "PUT /patients HTTP/1.1" 403 91 212 
2024-06-05 15:03:04,457 INFO E:\coding\python\django\django-rest-framework\patient assessment system\patients_asse\patients\views.py changed, reloading. 266 
2024-06-05 15:03:07,104 INFO Watching for file changes with StatReloader 668 
2024-06-05 15:03:07,803 WARNING Forbidden: /patients 241 
2024-06-05 15:03:07,803 WARNING "PUT /patients HTTP/1.1" 403 91 212 
2024-06-05 15:03:21,247 WARNING Unauthorized: /api/login/ 241 
2024-06-05 15:03:21,247 WARNING "POST /api/login/ HTTP/1.1" 401 66 212 
2024-06-05 15:03:27,458 INFO "POST /api/login/ HTTP/1.1" 200 517 212 
2024-06-05 15:03:38,510 WARNING Not Found: /patients 241 
2024-06-05 15:03:38,510 WARNING "PUT /patients HTTP/1.1" 404 63 212 
2024-06-05 15:04:19,012 WARNING Forbidden: /patients 241 
2024-06-05 15:04:19,012 WARNING "PUT /patients HTTP/1.1" 403 91 212 
2024-06-05 15:04:47,639 INFO "POST /api/login/ HTTP/1.1" 200 517 212 
2024-06-05 15:04:57,919 INFO "GET /patients HTTP/1.1" 200 365 212 
2024-06-05 15:05:16,128 WARNING Forbidden: /patients 241 
2024-06-05 15:05:16,128 WARNING "PUT /patients HTTP/1.1" 403 91 212 
2024-06-05 15:06:11,871 INFO E:\coding\python\django\django-rest-framework\patient assessment system\patients_asse\patients\views.py changed, reloading. 266 
2024-06-05 15:06:14,831 INFO Watching for file changes with StatReloader 668 
2024-06-05 15:06:18,405 INFO E:\coding\python\django\django-rest-framework\patient assessment system\patients_asse\patients\views.py changed, reloading. 266 
2024-06-05 15:06:22,136 INFO Watching for file changes with StatReloader 668 
2024-06-05 15:06:33,571 INFO "PUT /patients HTTP/1.1" 200 341 212 
2024-06-05 15:06:40,948 INFO "GET /admin/patients/patient/ HTTP/1.1" 200 12880 212 
2024-06-05 15:06:41,147 INFO "GET /static/admin/css/base.css HTTP/1.1" 304 0 212 
2024-06-05 15:06:41,176 INFO "GET /static/admin/css/dark_mode.css HTTP/1.1" 304 0 212 
2024-06-05 15:06:41,184 INFO "GET /static/admin/js/vendor/jquery/jquery.js HTTP/1.1" 304 0 212 
2024-06-05 15:06:41,188 INFO "GET /static/admin/css/nav_sidebar.css HTTP/1.1" 304 0 212 
2024-06-05 15:06:41,196 INFO "GET /static/admin/css/changelists.css HTTP/1.1" 304 0 212 
2024-06-05 15:06:41,204 INFO "GET /static/admin/css/responsive.css HTTP/1.1" 304 0 212 
2024-06-05 15:06:41,212 INFO "GET /static/admin/js/core.js HTTP/1.1" 304 0 212 
2024-06-05 15:06:41,218 INFO "GET /static/admin/js/jquery.init.js HTTP/1.1" 304 0 212 
2024-06-05 15:06:41,221 INFO "GET /static/admin/js/actions.js HTTP/1.1" 304 0 212 
2024-06-05 15:06:41,221 INFO "GET /static/admin/js/admin/RelatedObjectLookups.js HTTP/1.1" 304 0 212 
2024-06-05 15:06:41,225 INFO "GET /static/admin/js/urlify.js HTTP/1.1" 304 0 212 
2024-06-05 15:06:41,237 INFO "GET /static/admin/js/prepopulate.js HTTP/1.1" 304 0 212 
2024-06-05 15:06:41,238 INFO "GET /static/admin/img/search.svg HTTP/1.1" 304 0 212 
2024-06-05 15:06:41,241 INFO "GET /admin/jsi18n/ HTTP/1.1" 200 3342 212 
2024-06-05 15:06:41,241 INFO "GET /static/admin/js/vendor/xregexp/xregexp.js HTTP/1.1" 304 0 212 
2024-06-05 15:06:41,276 INFO "GET /static/admin/js/theme.js HTTP/1.1" 304 0 212 
2024-06-05 15:06:41,283 INFO "GET /static/admin/js/nav_sidebar.js HTTP/1.1" 304 0 212 
2024-06-05 15:06:41,292 INFO "GET /static/admin/js/filters.js HTTP/1.1" 304 0 212 
2024-06-05 15:06:41,303 INFO "GET /static/admin/img/icon-addlink.svg HTTP/1.1" 304 0 212 
2024-06-05 15:06:41,303 INFO "GET /static/admin/img/tooltag-add.svg HTTP/1.1" 304 0 212 
2024-06-05 15:06:41,304 INFO "GET /static/admin/img/icon-viewlink.svg HTTP/1.1" 304 0 212 
2024-06-05 15:06:53,289 INFO "POST /api/login/ HTTP/1.1" 200 517 212 
2024-06-05 15:07:01,849 INFO "GET /patients HTTP/1.1" 200 368 212 
2024-06-05 15:07:08,880 WARNING Not Found: /patients 241 
2024-06-05 15:07:08,884 WARNING "PUT /patients HTTP/1.1" 404 63 212 
2024-06-05 15:07:18,862 INFO "POST /api/login/ HTTP/1.1" 200 517 212 
2024-06-05 15:07:28,434 WARNING Bad Request: /patients 241 
2024-06-05 15:07:28,438 WARNING "PUT /patients HTTP/1.1" 400 132 212 
2024-06-05 15:07:35,237 INFO "PUT /patients HTTP/1.1" 200 342 212 
2024-06-05 15:07:45,279 WARNING Not Found: /patients 241 
2024-06-05 15:07:45,279 WARNING "PUT /patients HTTP/1.1" 404 63 212 
2024-06-05 15:08:27,309 INFO E:\coding\python\django\django-rest-framework\patient assessment system\patients_asse\patients\views.py changed, reloading. 266 
2024-06-05 15:08:30,935 INFO Watching for file changes with StatReloader 668 
2024-06-05 15:08:36,392 WARNING Not Found: /patients 241 
2024-06-05 15:08:36,392 WARNING "PUT /patients HTTP/1.1" 404 63 212 
2024-06-05 15:08:41,194 INFO "DELETE /patients HTTP/1.1" 200 74 212 
2024-06-05 15:08:54,605 INFO "GET /patients HTTP/1.1" 200 368 212 
2024-06-05 15:09:00,487 INFO "GET /patients HTTP/1.1" 200 87 212 
2024-06-05 15:09:29,163 INFO E:\coding\python\django\django-rest-framework\patient assessment system\patients_asse\patients\views.py changed, reloading. 266 
2024-06-05 15:09:32,763 INFO Watching for file changes with StatReloader 668 
2024-06-05 15:09:35,424 INFO E:\coding\python\django\django-rest-framework\patient assessment system\patients_asse\patients\views.py changed, reloading. 266 
2024-06-05 15:09:38,087 INFO Watching for file changes with StatReloader 668 
2024-06-05 15:09:40,480 INFO E:\coding\python\django\django-rest-framework\patient assessment system\patients_asse\patients\views.py changed, reloading. 266 
2024-06-05 15:09:43,425 INFO Watching for file changes with StatReloader 668 
2024-06-05 15:09:47,541 INFO E:\coding\python\django\django-rest-framework\patient assessment system\patients_asse\patients\views.py changed, reloading. 266 
2024-06-05 15:09:50,123 INFO Watching for file changes with StatReloader 668 
2024-06-05 15:10:09,957 WARNING Not Found: /patients 241 
2024-06-05 15:10:09,958 WARNING "DELETE /patients HTTP/1.1" 404 63 212 
2024-06-05 15:10:21,640 INFO "POST /api/login/ HTTP/1.1" 200 517 212 
2024-06-05 15:10:52,919 INFO "DELETE /patients HTTP/1.1" 200 74 212 
2024-06-05 15:10:56,702 INFO "GET /patients HTTP/1.1" 200 87 212 
2024-06-05 15:11:03,607 INFO "GET /patients HTTP/1.1" 200 87 212 
2024-06-05 15:11:51,199 INFO E:\coding\python\django\django-rest-framework\patient assessment system\patients_asse\patients\views.py changed, reloading. 266 
2024-06-05 15:11:54,591 INFO Watching for file changes with StatReloader 668 
2024-06-05 15:31:13,975 INFO E:\coding\python\django\django-rest-framework\patient assessment system\patients_asse\patients\views.py changed, reloading. 266 
2024-06-05 15:31:15,397 INFO Watching for file changes with StatReloader 668 
2024-06-05 15:31:20,362 INFO E:\coding\python\django\django-rest-framework\patient assessment system\patients_asse\patients\views.py changed, reloading. 266 
2024-06-05 15:31:21,785 INFO Watching for file changes with StatReloader 668 
2024-06-05 15:31:26,007 INFO E:\coding\python\django\django-rest-framework\patient assessment system\patients_asse\patients\views.py changed, reloading. 266 
2024-06-05 15:31:29,188 INFO Watching for file changes with StatReloader 668 
2024-06-05 15:31:37,430 INFO E:\coding\python\django\django-rest-framework\patient assessment system\patients_asse\patients\models.py changed, reloading. 266 
2024-06-05 15:31:39,171 INFO Watching for file changes with StatReloader 668 
2024-06-05 15:31:58,092 INFO E:\coding\python\django\django-rest-framework\patient assessment system\patients_asse\patients\models.py changed, reloading. 266 
2024-06-05 15:31:59,887 INFO Watching for file changes with StatReloader 668 
2024-06-05 15:32:04,611 INFO E:\coding\python\django\django-rest-framework\patient assessment system\patients_asse\patients\models.py changed, reloading. 266 
2024-06-05 15:32:06,301 INFO Watching for file changes with StatReloader 668 
2024-06-05 15:32:30,867 INFO E:\coding\python\django\django-rest-framework\patient assessment system\patients_asse\patients\models.py changed, reloading. 266 
2024-06-05 15:32:34,090 INFO Watching for file changes with StatReloader 668 
2024-06-05 15:32:44,724 INFO Watching for file changes with StatReloader 668 
2024-06-05 15:32:51,617 INFO C:\Users\PREDATOR\AppData\Local\Programs\Python\Python312\Lib\site-packages\ckeditor\fields.py changed, reloading. 266 
2024-06-05 15:32:54,228 INFO Watching for file changes with StatReloader 668 
2024-06-05 15:33:00,703 INFO E:\coding\python\django\django-rest-framework\patient assessment system\patients_asse\patients\models.py changed, reloading. 266 
2024-06-05 15:33:01,326 INFO E:\coding\python\django\django-rest-framework\patient assessment system\patients_asse\patients\models.py changed, reloading. 266 
2024-06-05 15:33:02,706 INFO Watching for file changes with StatReloader 668 
2024-06-05 15:33:04,342 INFO Watching for file changes with StatReloader 668 
2024-06-05 15:33:20,941 INFO E:\coding\python\django\django-rest-framework\patient assessment system\patients_asse\patients\models.py changed, reloading. 266 
2024-06-05 15:33:21,173 INFO E:\coding\python\django\django-rest-framework\patient assessment system\patients_asse\patients\models.py changed, reloading. 266 
2024-06-05 15:33:22,431 INFO Watching for file changes with StatReloader 668 
2024-06-05 15:33:23,416 INFO Watching for file changes with StatReloader 668 
2024-06-05 15:33:40,208 INFO E:\coding\python\django\django-rest-framework\patient assessment system\patients_asse\patients\models.py changed, reloading. 266 
2024-06-05 15:33:40,224 INFO E:\coding\python\django\django-rest-framework\patient assessment system\patients_asse\patients\models.py changed, reloading. 266 
2024-06-05 15:33:41,977 INFO Watching for file changes with StatReloader 668 
2024-06-05 15:33:42,780 INFO Watching for file changes with StatReloader 668 
2024-06-05 15:35:01,000 INFO E:\coding\python\django\django-rest-framework\patient assessment system\patients_asse\patients\models.py changed, reloading. 266 
2024-06-05 15:35:03,702 INFO Watching for file changes with StatReloader 668 
2024-06-05 15:35:06,190 INFO E:\coding\python\django\django-rest-framework\patient assessment system\patients_asse\patients\models.py changed, reloading. 266 
2024-06-05 15:35:08,670 INFO Watching for file changes with StatReloader 668 
2024-06-05 15:35:16,007 INFO E:\coding\python\django\django-rest-framework\patient assessment system\patients_asse\patients\models.py changed, reloading. 266 
2024-06-05 15:35:18,725 INFO Watching for file changes with StatReloader 668 
2024-06-05 15:35:22,340 INFO E:\coding\python\django\django-rest-framework\patient assessment system\patients_asse\patients\models.py changed, reloading. 266 
2024-06-05 15:35:25,308 INFO Watching for file changes with StatReloader 668 
2024-06-05 15:35:27,816 INFO E:\coding\python\django\django-rest-framework\patient assessment system\patients_asse\patients\models.py changed, reloading. 266 
2024-06-05 15:35:29,598 INFO Watching for file changes with StatReloader 668 
2024-06-05 15:35:31,384 INFO E:\coding\python\django\django-rest-framework\patient assessment system\patients_asse\patients\models.py changed, reloading. 266 
2024-06-05 15:35:34,289 INFO Watching for file changes with StatReloader 668 
2024-06-05 15:35:37,638 INFO E:\coding\python\django\django-rest-framework\patient assessment system\patients_asse\patients\models.py changed, reloading. 266 
2024-06-05 15:35:40,537 INFO Watching for file changes with StatReloader 668 
2024-06-05 15:35:42,704 INFO E:\coding\python\django\django-rest-framework\patient assessment system\patients_asse\patients\models.py changed, reloading. 266 
2024-06-05 15:35:44,322 INFO Watching for file changes with StatReloader 668 
2024-06-05 15:35:49,393 INFO E:\coding\python\django\django-rest-framework\patient assessment system\patients_asse\patients\models.py changed, reloading. 266 
2024-06-05 15:35:52,250 INFO Watching for file changes with StatReloader 668 
2024-06-05 15:35:57,914 INFO E:\coding\python\django\django-rest-framework\patient assessment system\patients_asse\patients\admin.py changed, reloading. 266 
2024-06-05 15:36:00,815 INFO Watching for file changes with StatReloader 668 
2024-06-05 15:36:04,975 INFO E:\coding\python\django\django-rest-framework\patient assessment system\patients_asse\patients\admin.py changed, reloading. 266 
2024-06-05 15:36:07,238 INFO Watching for file changes with StatReloader 668 
2024-06-05 15:36:11,459 INFO E:\coding\python\django\django-rest-framework\patient assessment system\patients_asse\patients\admin.py changed, reloading. 266 
2024-06-05 15:36:13,796 INFO Watching for file changes with StatReloader 668 
2024-06-05 15:36:18,037 INFO E:\coding\python\django\django-rest-framework\patient assessment system\patients_asse\patients\admin.py changed, reloading. 266 
2024-06-05 15:36:21,304 INFO Watching for file changes with StatReloader 668 
2024-06-05 15:36:27,540 INFO E:\coding\python\django\django-rest-framework\patient assessment system\patients_asse\patients\admin.py changed, reloading. 266 
2024-06-05 15:36:30,996 INFO Watching for file changes with StatReloader 668 
2024-06-05 15:36:43,313 INFO E:\coding\python\django\django-rest-framework\patient assessment system\patients_asse\patients\admin.py changed, reloading. 266 
2024-06-05 15:36:46,011 INFO Watching for file changes with StatReloader 668 
2024-06-05 15:37:04,268 INFO "GET /admin/patients/patient/ HTTP/1.1" 200 10156 212 
2024-06-05 15:37:04,471 INFO "GET /admin/jsi18n/ HTTP/1.1" 200 3342 212 
2024-06-05 15:37:08,137 INFO "GET /admin/patients/clinician/ HTTP/1.1" 200 9497 212 
2024-06-05 15:37:08,187 INFO "GET /admin/jsi18n/ HTTP/1.1" 200 3342 212 
2024-06-05 15:37:10,013 INFO "GET /admin/patients/clinician/add/ HTTP/1.1" 200 11127 212 
2024-06-05 15:37:10,080 INFO "GET /static/admin/css/forms.css HTTP/1.1" 304 0 212 
2024-06-05 15:37:10,084 INFO "GET /static/admin/js/prepopulate_init.js HTTP/1.1" 304 0 212 
2024-06-05 15:37:10,089 INFO "GET /admin/jsi18n/ HTTP/1.1" 200 3342 212 
2024-06-05 15:37:10,133 INFO "GET /static/admin/css/widgets.css HTTP/1.1" 304 0 212 
2024-06-05 15:37:10,139 INFO "GET /static/admin/img/icon-changelink.svg HTTP/1.1" 304 0 212 
2024-06-05 15:37:10,139 INFO "GET /static/admin/js/change_form.js HTTP/1.1" 304 0 212 
2024-06-05 15:37:13,492 INFO "POST /admin/patients/clinician/add/ HTTP/1.1" 302 0 212 
2024-06-05 15:37:13,574 INFO "GET /admin/patients/clinician/ HTTP/1.1" 200 11049 212 
2024-06-05 15:37:13,688 INFO "GET /admin/jsi18n/ HTTP/1.1" 200 3342 212 
2024-06-05 15:37:13,868 INFO "GET /static/admin/img/icon-yes.svg HTTP/1.1" 304 0 212 
2024-06-05 15:37:16,497 INFO "GET /admin/patients/clinician/add/ HTTP/1.1" 200 11127 212 
2024-06-05 15:37:16,570 INFO "GET /admin/jsi18n/ HTTP/1.1" 200 3342 212 
2024-06-05 15:37:19,662 INFO "POST /admin/patients/clinician/add/ HTTP/1.1" 302 0 212 
2024-06-05 15:37:19,694 INFO "GET /admin/patients/clinician/ HTTP/1.1" 200 11359 212 
2024-06-05 15:37:19,762 INFO "GET /admin/jsi18n/ HTTP/1.1" 200 3342 212 
2024-06-05 15:37:23,723 INFO E:\coding\python\django\django-rest-framework\patient assessment system\patients_asse\patients\admin.py changed, reloading. 266 
2024-06-05 15:37:26,618 INFO Watching for file changes with StatReloader 668 
2024-06-05 15:37:31,476 INFO E:\coding\python\django\django-rest-framework\patient assessment system\patients_asse\patients\models.py changed, reloading. 266 
2024-06-05 15:37:34,813 INFO Watching for file changes with StatReloader 668 
2024-06-05 15:37:51,121 INFO E:\coding\python\django\django-rest-framework\patient assessment system\patients_asse\patients\models.py changed, reloading. 266 
2024-06-05 15:37:53,523 INFO Watching for file changes with StatReloader 668 
2024-06-05 15:38:14,430 INFO E:\coding\python\django\django-rest-framework\patient assessment system\patients_asse\patients\models.py changed, reloading. 266 
2024-06-05 15:38:17,539 INFO Watching for file changes with StatReloader 668 
2024-06-05 15:38:49,104 INFO E:\coding\python\django\django-rest-framework\patient assessment system\patients_asse\patients\models.py changed, reloading. 266 
2024-06-05 15:38:52,357 INFO Watching for file changes with StatReloader 668 
2024-06-05 15:39:01,799 INFO E:\coding\python\django\django-rest-framework\patient assessment system\patients_asse\patients\models.py changed, reloading. 266 
2024-06-05 15:39:04,570 INFO Watching for file changes with StatReloader 668 
2024-06-05 15:39:08,210 INFO E:\coding\python\django\django-rest-framework\patient assessment system\patients_asse\patients\models.py changed, reloading. 266 
2024-06-05 15:39:09,814 INFO Watching for file changes with StatReloader 668 
2024-06-05 15:39:11,400 INFO E:\coding\python\django\django-rest-framework\patient assessment system\patients_asse\patients\models.py changed, reloading. 266 
2024-06-05 15:39:14,111 INFO Watching for file changes with StatReloader 668 
2024-06-05 15:39:18,857 INFO E:\coding\python\django\django-rest-framework\patient assessment system\patients_asse\patients\models.py changed, reloading. 266 
2024-06-05 15:39:22,210 INFO Watching for file changes with StatReloader 668 
2024-06-05 15:39:26,835 INFO E:\coding\python\django\django-rest-framework\patient assessment system\patients_asse\patients\models.py changed, reloading. 266 
2024-06-05 15:39:29,975 INFO Watching for file changes with StatReloader 668 
2024-06-05 15:40:11,459 INFO E:\coding\python\django\django-rest-framework\patient assessment system\patients_asse\patients\models.py changed, reloading. 266 
2024-06-05 15:40:13,745 INFO Watching for file changes with StatReloader 668 
2024-06-05 15:40:15,418 INFO E:\coding\python\django\django-rest-framework\patient assessment system\patients_asse\patients\models.py changed, reloading. 266 
2024-06-05 15:40:17,324 INFO Watching for file changes with StatReloader 668 
2024-06-05 15:40:23,223 INFO E:\coding\python\django\django-rest-framework\patient assessment system\patients_asse\patients\models.py changed, reloading. 266 
2024-06-05 15:40:26,790 INFO Watching for file changes with StatReloader 668 
2024-06-05 15:40:47,507 INFO E:\coding\python\django\django-rest-framework\patient assessment system\patients_asse\patients\admin.py changed, reloading. 266 
2024-06-05 15:40:50,258 INFO Watching for file changes with StatReloader 668 
2024-06-05 15:40:52,140 INFO E:\coding\python\django\django-rest-framework\patient assessment system\patients_asse\patients\admin.py changed, reloading. 266 
2024-06-05 15:40:55,495 INFO Watching for file changes with StatReloader 668 
2024-06-05 15:41:15,764 INFO E:\coding\python\django\django-rest-framework\patient assessment system\patients_asse\patients\admin.py changed, reloading. 266 
2024-06-05 15:41:20,393 INFO Watching for file changes with StatReloader 668 
2024-06-05 15:41:29,473 INFO E:\coding\python\django\django-rest-framework\patient assessment system\patients_asse\patients\admin.py changed, reloading. 266 
2024-06-05 15:41:32,772 INFO Watching for file changes with StatReloader 668 
2024-06-05 15:41:35,022 INFO E:\coding\python\django\django-rest-framework\patient assessment system\patients_asse\patients\admin.py changed, reloading. 266 
2024-06-05 15:41:37,804 INFO Watching for file changes with StatReloader 668 
2024-06-05 15:47:06,891 INFO E:\coding\python\django\django-rest-framework\patient assessment system\patients_asse\patients\models.py changed, reloading. 266 
2024-06-05 15:47:10,361 INFO Watching for file changes with StatReloader 668 
2024-06-05 15:47:58,956 INFO "GET /admin/patients/clinician/ HTTP/1.1" 200 11454 212 
2024-06-05 15:47:59,120 INFO "GET /admin/jsi18n/ HTTP/1.1" 200 3342 212 
2024-06-05 15:48:00,790 INFO "GET /admin/patients/assessment/ HTTP/1.1" 200 11331 212 
2024-06-05 15:48:00,926 INFO "GET /admin/jsi18n/ HTTP/1.1" 200 3342 212 
2024-06-05 15:48:02,734 INFO "GET /admin/patients/clinician/ HTTP/1.1" 200 11454 212 
2024-06-05 15:48:02,912 INFO "GET /admin/jsi18n/ HTTP/1.1" 200 3342 212 
2024-06-05 15:48:06,787 INFO "GET /admin/user/userinfo/ HTTP/1.1" 200 12147 212 
2024-06-05 15:48:06,904 INFO "GET /admin/jsi18n/ HTTP/1.1" 200 3342 212 
2024-06-05 15:48:14,950 INFO "GET /admin/patients/assessment/ HTTP/1.1" 200 11331 212 
2024-06-05 15:48:15,020 INFO "GET /admin/jsi18n/ HTTP/1.1" 200 3342 212 
2024-06-05 15:48:17,506 ERROR Internal Server Error: /admin/patients/assessment/add/ 241 
Traceback (most recent call last):
  File "C:\Users\PREDATOR\AppData\Local\Programs\Python\Python312\Lib\site-packages\django\template\backends\django.py", line 33, in get_template
    return Template(self.engine.get_template(template_name), self)
                    ^^^^^^^^^^^^^^^^^^^^^^^^^^^^^^^^^^^^^^^
  File "C:\Users\PREDATOR\AppData\Local\Programs\Python\Python312\Lib\site-packages\django\template\engine.py", line 177, in get_template
    template, origin = self.find_template(template_name)
                       ^^^^^^^^^^^^^^^^^^^^^^^^^^^^^^^^^
  File "C:\Users\PREDATOR\AppData\Local\Programs\Python\Python312\Lib\site-packages\django\template\engine.py", line 163, in find_template
    raise TemplateDoesNotExist(name, tried=tried)
django.template.exceptions.TemplateDoesNotExist: ckeditor/widget.html

The above exception was the direct cause of the following exception:

Traceback (most recent call last):
  File "C:\Users\PREDATOR\AppData\Local\Programs\Python\Python312\Lib\site-packages\django\template\backends\django.py", line 61, in render
    return self.template.render(context)
           ^^^^^^^^^^^^^^^^^^^^^^^^^^^^^
  File "C:\Users\PREDATOR\AppData\Local\Programs\Python\Python312\Lib\site-packages\django\template\base.py", line 171, in render
    return self._render(context)
           ^^^^^^^^^^^^^^^^^^^^^
  File "C:\Users\PREDATOR\AppData\Local\Programs\Python\Python312\Lib\site-packages\django\template\base.py", line 163, in _render
    return self.nodelist.render(context)
           ^^^^^^^^^^^^^^^^^^^^^^^^^^^^^
  File "C:\Users\PREDATOR\AppData\Local\Programs\Python\Python312\Lib\site-packages\django\template\base.py", line 1000, in render
    return SafeString("".join([node.render_annotated(context) for node in self]))
                               ^^^^^^^^^^^^^^^^^^^^^^^^^^^^^^
  File "C:\Users\PREDATOR\AppData\Local\Programs\Python\Python312\Lib\site-packages\django\template\base.py", line 961, in render_annotated
    return self.render(context)
           ^^^^^^^^^^^^^^^^^^^^
  File "C:\Users\PREDATOR\AppData\Local\Programs\Python\Python312\Lib\site-packages\django\template\loader_tags.py", line 159, in render
    return compiled_parent._render(context)
           ^^^^^^^^^^^^^^^^^^^^^^^^^^^^^^^^
  File "C:\Users\PREDATOR\AppData\Local\Programs\Python\Python312\Lib\site-packages\django\template\base.py", line 163, in _render
    return self.nodelist.render(context)
           ^^^^^^^^^^^^^^^^^^^^^^^^^^^^^
  File "C:\Users\PREDATOR\AppData\Local\Programs\Python\Python312\Lib\site-packages\django\template\base.py", line 1000, in render
    return SafeString("".join([node.render_annotated(context) for node in self]))
                               ^^^^^^^^^^^^^^^^^^^^^^^^^^^^^^
  File "C:\Users\PREDATOR\AppData\Local\Programs\Python\Python312\Lib\site-packages\django\template\base.py", line 961, in render_annotated
    return self.render(context)
           ^^^^^^^^^^^^^^^^^^^^
  File "C:\Users\PREDATOR\AppData\Local\Programs\Python\Python312\Lib\site-packages\django\template\loader_tags.py", line 159, in render
    return compiled_parent._render(context)
           ^^^^^^^^^^^^^^^^^^^^^^^^^^^^^^^^
  File "C:\Users\PREDATOR\AppData\Local\Programs\Python\Python312\Lib\site-packages\django\template\base.py", line 163, in _render
    return self.nodelist.render(context)
           ^^^^^^^^^^^^^^^^^^^^^^^^^^^^^
  File "C:\Users\PREDATOR\AppData\Local\Programs\Python\Python312\Lib\site-packages\django\template\base.py", line 1000, in render
    return SafeString("".join([node.render_annotated(context) for node in self]))
                               ^^^^^^^^^^^^^^^^^^^^^^^^^^^^^^
  File "C:\Users\PREDATOR\AppData\Local\Programs\Python\Python312\Lib\site-packages\django\template\base.py", line 961, in render_annotated
    return self.render(context)
           ^^^^^^^^^^^^^^^^^^^^
  File "C:\Users\PREDATOR\AppData\Local\Programs\Python\Python312\Lib\site-packages\django\template\loader_tags.py", line 65, in render
    result = block.nodelist.render(context)
             ^^^^^^^^^^^^^^^^^^^^^^^^^^^^^^
  File "C:\Users\PREDATOR\AppData\Local\Programs\Python\Python312\Lib\site-packages\django\template\base.py", line 1000, in render
    return SafeString("".join([node.render_annotated(context) for node in self]))
                               ^^^^^^^^^^^^^^^^^^^^^^^^^^^^^^
  File "C:\Users\PREDATOR\AppData\Local\Programs\Python\Python312\Lib\site-packages\django\template\base.py", line 961, in render_annotated
    return self.render(context)
           ^^^^^^^^^^^^^^^^^^^^
  File "C:\Users\PREDATOR\AppData\Local\Programs\Python\Python312\Lib\site-packages\django\template\loader_tags.py", line 65, in render
    result = block.nodelist.render(context)
             ^^^^^^^^^^^^^^^^^^^^^^^^^^^^^^
  File "C:\Users\PREDATOR\AppData\Local\Programs\Python\Python312\Lib\site-packages\django\template\base.py", line 1000, in render
    return SafeString("".join([node.render_annotated(context) for node in self]))
                               ^^^^^^^^^^^^^^^^^^^^^^^^^^^^^^
  File "C:\Users\PREDATOR\AppData\Local\Programs\Python\Python312\Lib\site-packages\django\template\base.py", line 961, in render_annotated
    return self.render(context)
           ^^^^^^^^^^^^^^^^^^^^
  File "C:\Users\PREDATOR\AppData\Local\Programs\Python\Python312\Lib\site-packages\django\template\defaulttags.py", line 242, in render
    nodelist.append(node.render_annotated(context))
                    ^^^^^^^^^^^^^^^^^^^^^^^^^^^^^^
  File "C:\Users\PREDATOR\AppData\Local\Programs\Python\Python312\Lib\site-packages\django\template\base.py", line 961, in render_annotated
    return self.render(context)
           ^^^^^^^^^^^^^^^^^^^^
  File "C:\Users\PREDATOR\AppData\Local\Programs\Python\Python312\Lib\site-packages\django\template\loader_tags.py", line 210, in render
    return template.render(context)
           ^^^^^^^^^^^^^^^^^^^^^^^^
  File "C:\Users\PREDATOR\AppData\Local\Programs\Python\Python312\Lib\site-packages\django\template\base.py", line 173, in render
    return self._render(context)
           ^^^^^^^^^^^^^^^^^^^^^
  File "C:\Users\PREDATOR\AppData\Local\Programs\Python\Python312\Lib\site-packages\django\template\base.py", line 163, in _render
    return self.nodelist.render(context)
           ^^^^^^^^^^^^^^^^^^^^^^^^^^^^^
  File "C:\Users\PREDATOR\AppData\Local\Programs\Python\Python312\Lib\site-packages\django\template\base.py", line 1000, in render
    return SafeString("".join([node.render_annotated(context) for node in self]))
                               ^^^^^^^^^^^^^^^^^^^^^^^^^^^^^^
  File "C:\Users\PREDATOR\AppData\Local\Programs\Python\Python312\Lib\site-packages\django\template\base.py", line 961, in render_annotated
    return self.render(context)
           ^^^^^^^^^^^^^^^^^^^^
  File "C:\Users\PREDATOR\AppData\Local\Programs\Python\Python312\Lib\site-packages\django\template\defaulttags.py", line 242, in render
    nodelist.append(node.render_annotated(context))
                    ^^^^^^^^^^^^^^^^^^^^^^^^^^^^^^
  File "C:\Users\PREDATOR\AppData\Local\Programs\Python\Python312\Lib\site-packages\django\template\base.py", line 961, in render_annotated
    return self.render(context)
           ^^^^^^^^^^^^^^^^^^^^
  File "C:\Users\PREDATOR\AppData\Local\Programs\Python\Python312\Lib\site-packages\django\template\defaulttags.py", line 242, in render
    nodelist.append(node.render_annotated(context))
                    ^^^^^^^^^^^^^^^^^^^^^^^^^^^^^^
  File "C:\Users\PREDATOR\AppData\Local\Programs\Python\Python312\Lib\site-packages\django\template\base.py", line 961, in render_annotated
    return self.render(context)
           ^^^^^^^^^^^^^^^^^^^^
  File "C:\Users\PREDATOR\AppData\Local\Programs\Python\Python312\Lib\site-packages\django\template\defaulttags.py", line 326, in render
    return nodelist.render(context)
           ^^^^^^^^^^^^^^^^^^^^^^^^
  File "C:\Users\PREDATOR\AppData\Local\Programs\Python\Python312\Lib\site-packages\django\template\base.py", line 1000, in render
    return SafeString("".join([node.render_annotated(context) for node in self]))
                               ^^^^^^^^^^^^^^^^^^^^^^^^^^^^^^
  File "C:\Users\PREDATOR\AppData\Local\Programs\Python\Python312\Lib\site-packages\django\template\base.py", line 961, in render_annotated
    return self.render(context)
           ^^^^^^^^^^^^^^^^^^^^
  File "C:\Users\PREDATOR\AppData\Local\Programs\Python\Python312\Lib\site-packages\django\template\defaulttags.py", line 326, in render
    return nodelist.render(context)
           ^^^^^^^^^^^^^^^^^^^^^^^^
  File "C:\Users\PREDATOR\AppData\Local\Programs\Python\Python312\Lib\site-packages\django\template\base.py", line 1000, in render
    return SafeString("".join([node.render_annotated(context) for node in self]))
                               ^^^^^^^^^^^^^^^^^^^^^^^^^^^^^^
  File "C:\Users\PREDATOR\AppData\Local\Programs\Python\Python312\Lib\site-packages\django\template\base.py", line 961, in render_annotated
    return self.render(context)
           ^^^^^^^^^^^^^^^^^^^^
  File "C:\Users\PREDATOR\AppData\Local\Programs\Python\Python312\Lib\site-packages\django\template\base.py", line 1065, in render
    return render_value_in_context(output, context)
           ^^^^^^^^^^^^^^^^^^^^^^^^^^^^^^^^^^^^^^^^
  File "C:\Users\PREDATOR\AppData\Local\Programs\Python\Python312\Lib\site-packages\django\template\base.py", line 1042, in render_value_in_context
    value = str(value)
            ^^^^^^^^^^
  File "C:\Users\PREDATOR\AppData\Local\Programs\Python\Python312\Lib\site-packages\django\forms\utils.py", line 79, in __str__
    return self.as_widget()
           ^^^^^^^^^^^^^^^^
  File "C:\Users\PREDATOR\AppData\Local\Programs\Python\Python312\Lib\site-packages\django\forms\boundfield.py", line 108, in as_widget
    return widget.render(
           ^^^^^^^^^^^^^^
  File "C:\Users\PREDATOR\AppData\Local\Programs\Python\Python312\Lib\site-packages\django\forms\widgets.py", line 279, in render
    return self._render(self.template_name, context, renderer)
           ^^^^^^^^^^^^^^^^^^^^^^^^^^^^^^^^^^^^^^^^^^^^^^^^^^^
  File "C:\Users\PREDATOR\AppData\Local\Programs\Python\Python312\Lib\site-packages\django\forms\widgets.py", line 284, in _render
    return mark_safe(renderer.render(template_name, context))
                     ^^^^^^^^^^^^^^^^^^^^^^^^^^^^^^^^^^^^^^^
  File "C:\Users\PREDATOR\AppData\Local\Programs\Python\Python312\Lib\site-packages\django\forms\renderers.py", line 28, in render
    template = self.get_template(template_name)
               ^^^^^^^^^^^^^^^^^^^^^^^^^^^^^^^^
  File "C:\Users\PREDATOR\AppData\Local\Programs\Python\Python312\Lib\site-packages\django\forms\renderers.py", line 34, in get_template
    return self.engine.get_template(template_name)
           ^^^^^^^^^^^^^^^^^^^^^^^^^^^^^^^^^^^^^^^
  File "C:\Users\PREDATOR\AppData\Local\Programs\Python\Python312\Lib\site-packages\django\template\backends\django.py", line 35, in get_template
    reraise(exc, self)
  File "C:\Users\PREDATOR\AppData\Local\Programs\Python\Python312\Lib\site-packages\django\template\backends\django.py", line 84, in reraise
    raise new from exc
django.template.exceptions.TemplateDoesNotExist: ckeditor/widget.html

The above exception was the direct cause of the following exception:

Traceback (most recent call last):
  File "C:\Users\PREDATOR\AppData\Local\Programs\Python\Python312\Lib\site-packages\django\core\handlers\exception.py", line 55, in inner
    response = get_response(request)
               ^^^^^^^^^^^^^^^^^^^^^
  File "C:\Users\PREDATOR\AppData\Local\Programs\Python\Python312\Lib\site-packages\django\core\handlers\base.py", line 220, in _get_response
    response = response.render()
               ^^^^^^^^^^^^^^^^^
  File "C:\Users\PREDATOR\AppData\Local\Programs\Python\Python312\Lib\site-packages\django\template\response.py", line 114, in render
    self.content = self.rendered_content
                   ^^^^^^^^^^^^^^^^^^^^^
  File "C:\Users\PREDATOR\AppData\Local\Programs\Python\Python312\Lib\site-packages\django\template\response.py", line 92, in rendered_content
    return template.render(context, self._request)
           ^^^^^^^^^^^^^^^^^^^^^^^^^^^^^^^^^^^^^^^
  File "C:\Users\PREDATOR\AppData\Local\Programs\Python\Python312\Lib\site-packages\django\template\backends\django.py", line 63, in render
    reraise(exc, self.backend)
  File "C:\Users\PREDATOR\AppData\Local\Programs\Python\Python312\Lib\site-packages\django\template\backends\django.py", line 84, in reraise
    raise new from exc
django.template.exceptions.TemplateDoesNotExist: ckeditor/widget.html
2024-06-05 15:48:17,520 ERROR "GET /admin/patients/assessment/add/ HTTP/1.1" 500 607740 212 
2024-06-05 15:49:15,831 INFO E:\coding\python\django\django-rest-framework\patient assessment system\patients_asse\patients_asse\settings.py changed, reloading. 266 
2024-06-05 15:49:19,223 INFO Watching for file changes with StatReloader 668 
2024-06-05 15:49:21,634 INFO E:\coding\python\django\django-rest-framework\patient assessment system\patients_asse\patients_asse\settings.py changed, reloading. 266 
2024-06-05 15:49:24,223 INFO Watching for file changes with StatReloader 668 
2024-06-05 15:49:33,762 INFO E:\coding\python\django\django-rest-framework\patient assessment system\patients_asse\patients_asse\settings.py changed, reloading. 266 
2024-06-05 15:49:37,081 INFO Watching for file changes with StatReloader 668 
2024-06-05 15:49:38,282 INFO "GET /admin/patients/assessment/add/ HTTP/1.1" 200 17890 212 
2024-06-05 15:49:38,416 INFO "GET /static/admin/js/calendar.js HTTP/1.1" 304 0 212 
2024-06-05 15:49:38,417 INFO "GET /static/admin/js/admin/DateTimeShortcuts.js HTTP/1.1" 304 0 212 
2024-06-05 15:49:38,428 INFO "GET /admin/jsi18n/ HTTP/1.1" 200 3342 212 
2024-06-05 15:49:38,686 INFO "GET /static/ckeditor/ckeditor.css HTTP/1.1" 200 672 212 
2024-06-05 15:49:38,750 INFO "GET /static/ckeditor/ckeditor-init.js HTTP/1.1" 200 1526 212 
2024-06-05 15:49:39,155 INFO "GET /static/ckeditor/ckeditor/ckeditor.js HTTP/1.1" 200 759716 212 
2024-06-05 15:49:39,757 INFO "GET /static/ckeditor/ckeditor/config.js?t=N5UC HTTP/1.1" 200 336 212 
2024-06-05 15:49:39,827 INFO "GET /static/ckeditor/ckeditor/skins/moono-lisa/editor.css?t=N5UC HTTP/1.1" 200 48309 212 
2024-06-05 15:49:39,856 INFO "GET /static/ckeditor/ckeditor/lang/en.js?t=N5UC HTTP/1.1" 200 18228 212 
2024-06-05 15:49:39,958 INFO "GET /static/ckeditor/ckeditor/styles.js?t=N5UC HTTP/1.1" 200 5577 212 
2024-06-05 15:49:40,015 INFO "GET /static/ckeditor/ckeditor/plugins/image2/plugin.js?t=N5UC HTTP/1.1" 200 13531 212 
2024-06-05 15:49:40,036 INFO "GET /static/ckeditor/ckeditor/plugins/scayt/dialogs/dialog.css?t=N5UC HTTP/1.1" 200 419 212 
2024-06-05 15:49:40,036 INFO "GET /static/ckeditor/ckeditor/plugins/scayt/skins/moono-lisa/scayt.css?t=N5UC HTTP/1.1" 200 381 212 
2024-06-05 15:49:40,036 INFO "GET /static/ckeditor/ckeditor/plugins/tableselection/styles/tableselection.css?t=N5UC HTTP/1.1" 200 1145 212 
2024-06-05 15:49:40,044 INFO "GET /static/ckeditor/ckeditor/plugins/image2/lang/en.js?t=N5UC HTTP/1.1" 200 414 212 
2024-06-05 15:49:40,063 INFO "GET /static/ckeditor/ckeditor/plugins/dialog/styles/dialog.css?t=N5UC HTTP/1.1" 200 249 212 
2024-06-05 15:49:40,069 INFO "GET /static/ckeditor/ckeditor/plugins/copyformatting/styles/copyformatting.css?t=N5UC HTTP/1.1" 200 1511 212 
2024-06-05 15:49:40,108 INFO "GET /static/ckeditor/ckeditor/skins/moono-lisa/icons.png?t=4a1fb11f44 HTTP/1.1" 200 12237 212 
2024-06-05 15:49:40,146 INFO "GET /static/ckeditor/ckeditor/contents.css?t=N5UC HTTP/1.1" 200 3092 212 
2024-06-05 15:49:40,200 INFO "GET /static/admin/img/icon-calendar.svg HTTP/1.1" 304 0 212 
2024-06-05 15:49:56,158 INFO "GET /admin/patients/patient/ HTTP/1.1" 200 10466 212 
2024-06-05 15:49:56,210 INFO "GET /admin/jsi18n/ HTTP/1.1" 200 3342 212 
2024-06-05 15:49:57,616 INFO "GET /admin/patients/patient/add/ HTTP/1.1" 200 15237 212 
2024-06-05 15:49:57,675 INFO "GET /admin/jsi18n/ HTTP/1.1" 200 3342 212 
2024-06-05 15:49:57,737 INFO "GET /static/admin/img/icon-deletelink.svg HTTP/1.1" 304 0 212 
2024-06-05 15:50:03,951 INFO "GET /static/admin/img/calendar-icons.svg HTTP/1.1" 200 1094 212 
2024-06-05 15:50:13,516 INFO "POST /admin/patients/patient/add/ HTTP/1.1" 302 0 212 
2024-06-05 15:50:13,616 INFO "GET /admin/patients/patient/ HTTP/1.1" 200 13110 212 
2024-06-05 15:50:13,739 INFO "GET /admin/jsi18n/ HTTP/1.1" 200 3342 212 
2024-06-05 15:50:18,318 INFO "GET /admin/patients/patient/ HTTP/1.1" 200 12896 212 
2024-06-05 15:50:18,379 INFO "GET /admin/jsi18n/ HTTP/1.1" 200 3342 212 
2024-06-05 15:50:20,111 INFO "GET /admin/patients/assessment/ HTTP/1.1" 200 11331 212 
2024-06-05 15:50:20,178 INFO "GET /admin/jsi18n/ HTTP/1.1" 200 3342 212 
2024-06-05 15:50:21,320 INFO "GET /admin/patients/assessment/add/ HTTP/1.1" 200 17939 212 
2024-06-05 15:50:21,374 INFO "GET /admin/jsi18n/ HTTP/1.1" 200 3342 212 
2024-06-05 15:50:59,769 INFO E:\coding\python\django\django-rest-framework\patient assessment system\patients_asse\patients\models.py changed, reloading. 266 
2024-06-05 15:51:03,675 INFO Watching for file changes with StatReloader 668 
2024-06-05 15:51:06,042 INFO E:\coding\python\django\django-rest-framework\patient assessment system\patients_asse\patients\models.py changed, reloading. 266 
2024-06-05 15:51:09,442 INFO Watching for file changes with StatReloader 668 
2024-06-05 15:51:10,412 INFO "GET /admin/patients/assessment/add/ HTTP/1.1" 200 17933 212 
2024-06-05 15:51:10,550 INFO "GET /admin/jsi18n/ HTTP/1.1" 200 3342 212 
2024-06-05 15:51:43,302 INFO "POST /admin/patients/assessment/add/ HTTP/1.1" 302 0 212 
2024-06-05 15:51:43,400 INFO "GET /admin/patients/assessment/ HTTP/1.1" 200 13994 212 
2024-06-05 15:51:43,497 INFO "GET /admin/jsi18n/ HTTP/1.1" 200 3342 212 
2024-06-05 15:51:47,356 INFO "GET /admin/patients/assessment/1/change/ HTTP/1.1" 200 18344 212 
2024-06-05 15:51:47,435 INFO "GET /admin/jsi18n/ HTTP/1.1" 200 3342 212 
2024-06-05 15:51:56,740 INFO "GET /admin/patients/patient/3/change/?_to_field=id HTTP/1.1" 200 15586 212 
2024-06-05 15:51:56,829 INFO "GET /admin/jsi18n/ HTTP/1.1" 200 3342 212 
2024-06-05 15:51:58,323 INFO "GET /admin/patients/assessment/1/change/ HTTP/1.1" 200 18344 212 
2024-06-05 15:52:01,701 INFO "GET /admin/patients/patient/ HTTP/1.1" 200 12890 212 
2024-06-05 15:52:01,786 INFO "GET /admin/jsi18n/ HTTP/1.1" 200 3342 212 
2024-06-05 15:52:03,218 INFO "GET /admin/patients/patient/add/ HTTP/1.1" 200 15237 212 
2024-06-05 15:52:03,316 INFO "GET /admin/jsi18n/ HTTP/1.1" 200 3342 212 
2024-06-05 15:52:25,158 INFO "POST /admin/patients/patient/add/ HTTP/1.1" 302 0 212 
2024-06-05 15:52:25,216 INFO "GET /admin/patients/patient/ HTTP/1.1" 200 13654 212 
2024-06-05 15:52:25,338 INFO "GET /admin/jsi18n/ HTTP/1.1" 200 3342 212 
2024-06-05 15:52:30,295 INFO "GET /admin/patients/assessment/ HTTP/1.1" 200 13756 212 
2024-06-05 15:52:30,353 INFO "GET /admin/jsi18n/ HTTP/1.1" 200 3342 212 
2024-06-05 15:52:32,013 INFO "GET /admin/patients/clinician/ HTTP/1.1" 200 11454 212 
2024-06-05 15:52:32,052 INFO "GET /admin/jsi18n/ HTTP/1.1" 200 3342 212 
2024-06-05 15:52:33,488 INFO "GET /admin/patients/assessment/ HTTP/1.1" 200 13756 212 
2024-06-05 15:52:33,532 INFO "GET /admin/jsi18n/ HTTP/1.1" 200 3342 212 
2024-06-05 15:52:35,035 INFO "GET /admin/patients/assessment/1/change/ HTTP/1.1" 200 18388 212 
2024-06-05 15:52:35,076 INFO "GET /admin/jsi18n/ HTTP/1.1" 200 3342 212 
2024-06-05 15:52:36,862 INFO "GET /admin/patients/assessment/ HTTP/1.1" 200 13756 212 
2024-06-05 15:52:38,105 INFO "GET /admin/patients/assessment/?assessment_date__year=2000 HTTP/1.1" 200 14223 212 
2024-06-05 15:52:38,158 INFO "GET /admin/jsi18n/ HTTP/1.1" 200 3342 212 
2024-06-05 15:52:40,456 INFO "GET /admin/patients/assessment/?assessment_date__month=6&assessment_date__year=2000 HTTP/1.1" 200 14741 212 
2024-06-05 15:52:40,533 INFO "GET /admin/jsi18n/ HTTP/1.1" 200 3342 212 
2024-06-05 15:52:41,328 INFO "GET /admin/patients/assessment/1/change/?_changelist_filters=assessment_date__month%3D6%26assessment_date__year%3D2000 HTTP/1.1" 200 18632 212 
2024-06-05 15:52:41,404 INFO "GET /admin/jsi18n/ HTTP/1.1" 200 3342 212 
2024-06-05 15:53:45,633 INFO "GET /admin/patients/assessment/?assessment_date__month=6&assessment_date__year=2000 HTTP/1.1" 200 14741 212 
2024-06-05 15:53:47,670 INFO "GET /admin/patients/assessment/?assessment_date__day=5&assessment_date__month=6&assessment_date__year=2000 HTTP/1.1" 200 15120 212 
2024-06-05 15:53:47,735 INFO "GET /admin/jsi18n/ HTTP/1.1" 200 3342 212 
2024-06-05 15:53:48,635 INFO "GET /admin/patients/assessment/?assessment_date__month=6&assessment_date__year=2000 HTTP/1.1" 200 14741 212 
2024-06-05 15:53:48,698 INFO "GET /admin/jsi18n/ HTTP/1.1" 200 3342 212 
2024-06-05 15:54:04,688 INFO "GET /admin/ HTTP/1.1" 200 10768 212 
2024-06-05 15:54:04,725 INFO "GET /static/admin/css/dashboard.css HTTP/1.1" 304 0 212 
2024-06-05 15:54:05,052 INFO "GET /admin/ HTTP/1.1" 200 10768 212 
2024-06-05 15:54:13,802 INFO E:\coding\python\django\django-rest-framework\patient assessment system\patients_asse\patients\models.py changed, reloading. 266 
2024-06-05 15:54:17,170 INFO Watching for file changes with StatReloader 668 
2024-06-05 15:57:15,616 INFO "GET /admin/patients/assessment/ HTTP/1.1" 200 13756 212 
2024-06-05 15:57:15,701 INFO "GET /admin/jsi18n/ HTTP/1.1" 200 3342 212 
2024-06-05 15:57:17,351 INFO "GET /admin/patients/assessment/1/change/ HTTP/1.1" 200 18388 212 
2024-06-05 15:57:17,410 INFO "GET /admin/jsi18n/ HTTP/1.1" 200 3342 212 
2024-06-05 15:57:48,636 INFO "GET /admin/patients/clinician/ HTTP/1.1" 200 11454 212 
2024-06-05 15:57:48,712 INFO "GET /admin/jsi18n/ HTTP/1.1" 200 3342 212 
2024-06-05 15:59:17,298 INFO E:\coding\python\django\django-rest-framework\patient assessment system\patients_asse\patients\models.py changed, reloading. 266 
2024-06-05 15:59:20,129 INFO Watching for file changes with StatReloader 668 
2024-06-05 15:59:25,019 INFO E:\coding\python\django\django-rest-framework\patient assessment system\patients_asse\patients\models.py changed, reloading. 266 
2024-06-05 15:59:27,659 INFO Watching for file changes with StatReloader 668 
2024-06-05 15:59:31,817 INFO E:\coding\python\django\django-rest-framework\patient assessment system\patients_asse\patients\models.py changed, reloading. 266 
2024-06-05 15:59:34,637 INFO Watching for file changes with StatReloader 668 
2024-06-05 15:59:39,381 INFO E:\coding\python\django\django-rest-framework\patient assessment system\patients_asse\patients_asse\settings.py changed, reloading. 266 
2024-06-05 15:59:42,260 INFO Watching for file changes with StatReloader 668 
2024-06-05 15:59:54,278 INFO Watching for file changes with StatReloader 668 
2024-06-05 16:01:29,101 INFO Watching for file changes with StatReloader 668 
